<?xml version="1.0" encoding="UTF-8"?>
<!-- Generated by org.testng.reporters.JUnitReportReporter -->
<testsuite skipped="0" hostname="STUDENT99" name="Selenium.ExtentReport.AppTest" tests="2" failures="0" timestamp="04 May 2017 16:20:20 GMT" time="23.520" errors="0">
  <testcase name="verifyHomePageTitle" time="23.379" classname="Selenium.ExtentReport.AppTest"/>
  <testcase name="verifyLogo" time="0.141" classname="Selenium.ExtentReport.AppTest"/>
</testsuite> <!-- Selenium.ExtentReport.AppTest -->
