<?xml version="1.0" encoding="UTF-8"?>
<!-- Generated by org.testng.reporters.JUnitReportReporter -->
<testsuite skipped="0" hostname="STUDENT99" name="Selenium.ExtentReport.BrowseProductsAndPurchase" tests="5" failures="0" timestamp="05 May 2017 15:21:55 GMT" time="51.188" errors="0">
  <testcase name="verifyPageLoadFromTitle" time="12.910" classname="Selenium.ExtentReport.BrowseProductsAndPurchase"/>
  <testcase name="selectProductPage" time="23.930" classname="Selenium.ExtentReport.BrowseProductsAndPurchase"/>
  <testcase name="proceedToCheckout" time="1.953" classname="Selenium.ExtentReport.BrowseProductsAndPurchase"/>
  <testcase name="addProductToBasket" time="1.863" classname="Selenium.ExtentReport.BrowseProductsAndPurchase"/>
  <testcase name="checkout" time="10.532" classname="Selenium.ExtentReport.BrowseProductsAndPurchase"/>
</testsuite> <!-- Selenium.ExtentReport.BrowseProductsAndPurchase -->
